#
# There is insufficient memory for the Java Runtime Environment to continue.
# Native memory allocation (malloc) failed to allocate 2097152 bytes for AllocateHeap
# Possible reasons:
#   The system is out of physical RAM or swap space
#   The process is running with CompressedOops enabled, and the Java Heap may be blocking the growth of the native heap
# Possible solutions:
#   Reduce memory load on the system
#   Increase physical memory or swap space
#   Check if swap backing store is full
#   Decrease Java heap size (-Xmx/-Xms)
#   Decrease number of Java threads
#   Decrease Java thread stack sizes (-Xss)
#   Set larger code cache with -XX:ReservedCodeCacheSize=
#   JVM is running with Unscaled Compressed Oops mode in which the Java heap is
#     placed in the first 4GB address space. The Java Heap base address is the
#     maximum limit for the native heap growth. Please use -XX:HeapBaseMinAddress
#     to set the Java Heap base and to place the Java Heap above 4GB virtual address.
# This output file may be truncated or incomplete.
#
#  Out of Memory Error (allocation.cpp:44), pid=22440, tid=19096
#
# JRE version: Java(TM) SE Runtime Environment (21.0.7+8) (build 21.0.7+8-LTS-245)
# Java VM: Java HotSpot(TM) 64-Bit Server VM (21.0.7+8-LTS-245, mixed mode, emulated-client, sharing, tiered, compressed oops, compressed class ptrs, g1 gc, windows-amd64)
# No core dump will be written. Minidumps are not enabled by default on client versions of Windows
#

---------------  S U M M A R Y ------------

Command Line: -XX:TieredStopAtLevel=1 com.example.storemanagementbackend.StoremanagementbackendApplication

Host: AMD Ryzen 3 3250U with Radeon Graphics         , 4 cores, 5G,  Windows 11 , 64 bit Build 26100 (10.0.26100.4484)
Time: Fri Jul 25 12:01:38 2025 India Standard Time elapsed time: 1237.759401 seconds (0d 0h 20m 37s)

---------------  T H R E A D  ---------------

Current thread (0x000001d17d5939e0):  VMThread "VM Thread"          [id=19096, stack(0x00000027c7200000,0x00000027c7300000) (1024K)]

Stack: [0x00000027c7200000,0x00000027c7300000]
Native frames: (J=compiled Java code, j=interpreted, Vv=VM code, C=native code)
V  [jvm.dll+0x6cae19]
V  [jvm.dll+0x855741]
V  [jvm.dll+0x857c6e]
V  [jvm.dll+0x858343]
V  [jvm.dll+0x27e0b6]
V  [jvm.dll+0xbfa77]
V  [jvm.dll+0x34493e]
V  [jvm.dll+0x33f26e]
V  [jvm.dll+0x327cd8]
V  [jvm.dll+0x36abd4]
V  [jvm.dll+0x85e110]
V  [jvm.dll+0x85f494]
V  [jvm.dll+0x85f9d0]
V  [jvm.dll+0x85fc73]
V  [jvm.dll+0x7ffa1b]
V  [jvm.dll+0x6c94fd]
C  [ucrtbase.dll+0x37b0]
C  [KERNEL32.DLL+0x2e8d7]
C  [ntdll.dll+0x3c34c]

VM_Operation (0x00000027c68ff000): G1CollectFull, mode: safepoint, requested by thread 0x000001d17ead0470


---------------  P R O C E S S  ---------------

Threads class SMR info:
_java_thread_list=0x000001d145ccfbe0, length=14, elements={
0x000001d17d5ab6b0, 0x000001d17d5b0e40, 0x000001d17d5b7210, 0x000001d17d5b9c70,
0x000001d17d5bbb80, 0x000001d17d5bfac0, 0x000001d17d5c4a60, 0x000001d17d7f3900,
0x000001d17d7f8a60, 0x000001d17f022750, 0x000001d1455d4470, 0x000001d17eacc960,
0x000001d17ead0470, 0x000001d17e666e80
}

Java Threads: ( => current thread )
  0x000001d17d5ab6b0 JavaThread "Reference Handler"          daemon [_thread_blocked, id=28600, stack(0x00000027c7300000,0x00000027c7400000) (1024K)]
  0x000001d17d5b0e40 JavaThread "Finalizer"                  daemon [_thread_blocked, id=23468, stack(0x00000027c7400000,0x00000027c7500000) (1024K)]
  0x000001d17d5b7210 JavaThread "Signal Dispatcher"          daemon [_thread_blocked, id=19464, stack(0x00000027c7500000,0x00000027c7600000) (1024K)]
  0x000001d17d5b9c70 JavaThread "Attach Listener"            daemon [_thread_blocked, id=25376, stack(0x00000027c7600000,0x00000027c7700000) (1024K)]
  0x000001d17d5bbb80 JavaThread "Service Thread"             daemon [_thread_blocked, id=25060, stack(0x00000027c7700000,0x00000027c7800000) (1024K)]
  0x000001d17d5bfac0 JavaThread "Monitor Deflation Thread"   daemon [_thread_blocked, id=16136, stack(0x00000027c7800000,0x00000027c7900000) (1024K)]
  0x000001d17d5c4a60 JavaThread "C1 CompilerThread0"         daemon [_thread_blocked, id=26184, stack(0x00000027c7900000,0x00000027c7a00000) (1024K)]
  0x000001d17d7f3900 JavaThread "Notification Thread"        daemon [_thread_blocked, id=19440, stack(0x00000027c7a00000,0x00000027c7b00000) (1024K)]
  0x000001d17d7f8a60 JavaThread "Common-Cleaner"             daemon [_thread_blocked, id=8596, stack(0x00000027c7b00000,0x00000027c7c00000) (1024K)]
  0x000001d17f022750 JavaThread "mysql-cj-abandoned-connection-cleanup" daemon [_thread_blocked, id=17672, stack(0x00000027c8600000,0x00000027c8700000) (1024K)]
  0x000001d1455d4470 JavaThread "Live Reload Server"         daemon [_thread_in_native, id=25456, stack(0x00000027c8900000,0x00000027c8a00000) (1024K)]
  0x000001d17eacc960 JavaThread "DestroyJavaVM"                     [_thread_blocked, id=13268, stack(0x00000027c6b00000,0x00000027c6c00000) (1024K)]
  0x000001d17ead0470 JavaThread "Thread-5"                          [_thread_blocked, id=2932, stack(0x00000027c6800000,0x00000027c6900000) (1024K)]
  0x000001d17e666e80 JavaThread "C1 CompilerThread1"         daemon [_thread_blocked, id=15696, stack(0x00000027c6900000,0x00000027c6a00000) (1024K)]
Total: 14

Other Threads:
=>0x000001d17d5939e0 VMThread "VM Thread"                           [id=19096, stack(0x00000027c7200000,0x00000027c7300000) (1024K)]
  0x000001d17d5800b0 WatcherThread "VM Periodic Task Thread"        [id=24252, stack(0x00000027c7100000,0x00000027c7200000) (1024K)]
  0x000001d16d8e7540 WorkerThread "GC Thread#0"                     [id=13960, stack(0x00000027c6c00000,0x00000027c6d00000) (1024K)]
  0x000001d17ddb0b50 WorkerThread "GC Thread#1"                     [id=27780, stack(0x00000027c7e00000,0x00000027c7f00000) (1024K)]
  0x000001d17ddfd170 WorkerThread "GC Thread#2"                     [id=27724, stack(0x00000027c7f00000,0x00000027c8000000) (1024K)]
  0x000001d17ddfd510 WorkerThread "GC Thread#3"                     [id=18096, stack(0x00000027c8000000,0x00000027c8100000) (1024K)]
  0x000001d16d8f59c0 ConcurrentGCThread "G1 Main Marker"            [id=28512, stack(0x00000027c6d00000,0x00000027c6e00000) (1024K)]
  0x000001d16d8f64c0 WorkerThread "G1 Conc#0"                       [id=22912, stack(0x00000027c6e00000,0x00000027c6f00000) (1024K)]
  0x000001d16d94ea00 ConcurrentGCThread "G1 Refine#0"               [id=10312, stack(0x00000027c6f00000,0x00000027c7000000) (1024K)]
  0x000001d17d44e7e0 ConcurrentGCThread "G1 Service"                [id=25856, stack(0x00000027c7000000,0x00000027c7100000) (1024K)]
Total: 10

Threads with active compile tasks:
Total: 0

VM state: at safepoint (normal execution)

VM Mutex/Monitor currently owned by a thread:  ([mutex/lock_event])
[0x00007fff9f60de50] Threads_lock - owner thread: 0x000001d17d5939e0
[0x00007fff9f60df50] Heap_lock - owner thread: 0x000001d17ead0470

Heap address: 0x00000000a1c00000, size: 1508 MB, Compressed Oops mode: 32-bit

CDS archive(s) mapped at: [0x000001d100000000-0x000001d100c90000-0x000001d100c90000), size 13172736, SharedBaseAddress: 0x000001d100000000, ArchiveRelocationMode: 1.
Compressed class space mapped at: 0x000001d101000000-0x000001d141000000, reserved size: 1073741824
Narrow klass base: 0x000001d100000000, Narrow klass shift: 0, Narrow klass range: 0x100000000

GC Precious Log:
 CardTable entry size: 512
 Card Set container configuration: InlinePtr #cards 5 size 8 Array Of Cards #cards 12 size 40 Howl #buckets 4 coarsen threshold 1843 Howl Bitmap #cards 512 size 80 coarsen threshold 460 Card regions per heap region 1 cards per card region 2048
 CPUs: 4 total, 4 available
 Memory: 6030M
 Large Page Support: Disabled
 NUMA Support: Disabled
 Compressed Oops: Enabled (32-bit)
 Heap Region Size: 1M
 Heap Min Capacity: 8M
 Heap Initial Capacity: 96M
 Heap Max Capacity: 1508M
 Pre-touch: Disabled
 Parallel Workers: 4
 Concurrent Workers: 1
 Concurrent Refinement Workers: 4
 Periodic GC: Disabled

Heap:
 garbage-first heap   total 110592K, used 60849K [0x00000000a1c00000, 0x0000000100000000)
  region size 1024K, 18 young (18432K), 3 survivors (3072K)
 Metaspace       used 83332K, committed 83968K, reserved 1179648K
  class space    used 11861K, committed 12160K, reserved 1048576K

Heap Regions: E=young(eden), S=young(survivor), O=old, HS=humongous(starts), HC=humongous(continues), CS=collection set, F=free, TAMS=top-at-mark-start, PB=parsable bottom
|   0|0x00000000a1c00000, 0x00000000a1d00000, 0x00000000a1d00000|100%|HS|  |TAMS 0x00000000a1c00000| PB 0x00000000a1c00000| Complete 
|   1|0x00000000a1d00000, 0x00000000a1e00000, 0x00000000a1e00000|100%|HS|  |TAMS 0x00000000a1d00000| PB 0x00000000a1d00000| Complete 
|   2|0x00000000a1e00000, 0x00000000a1f00000, 0x00000000a1f00000|100%| O|  |TAMS 0x00000000a1e00000| PB 0x00000000a1e00000| Untracked 
|   3|0x00000000a1f00000, 0x00000000a2000000, 0x00000000a2000000|100%| O|  |TAMS 0x00000000a1f00000| PB 0x00000000a1f00000| Untracked 
|   4|0x00000000a2000000, 0x00000000a2100000, 0x00000000a2100000|100%| O|  |TAMS 0x00000000a2000000| PB 0x00000000a2000000| Untracked 
|   5|0x00000000a2100000, 0x00000000a2200000, 0x00000000a2200000|100%| O|  |TAMS 0x00000000a2100000| PB 0x00000000a2100000| Untracked 
|   6|0x00000000a2200000, 0x00000000a2300000, 0x00000000a2300000|100%| O|  |TAMS 0x00000000a2200000| PB 0x00000000a2200000| Untracked 
|   7|0x00000000a2300000, 0x00000000a2400000, 0x00000000a2400000|100%| O|  |TAMS 0x00000000a2300000| PB 0x00000000a2300000| Untracked 
|   8|0x00000000a2400000, 0x00000000a2500000, 0x00000000a2500000|100%| O|  |TAMS 0x00000000a2400000| PB 0x00000000a2400000| Untracked 
|   9|0x00000000a2500000, 0x00000000a2600000, 0x00000000a2600000|100%| O|  |TAMS 0x00000000a2500000| PB 0x00000000a2500000| Untracked 
|  10|0x00000000a2600000, 0x00000000a2700000, 0x00000000a2700000|100%| O|  |TAMS 0x00000000a2600000| PB 0x00000000a2600000| Untracked 
|  11|0x00000000a2700000, 0x00000000a2800000, 0x00000000a2800000|100%| O|  |TAMS 0x00000000a2700000| PB 0x00000000a2700000| Untracked 
|  12|0x00000000a2800000, 0x00000000a2900000, 0x00000000a2900000|100%| O|  |TAMS 0x00000000a2800000| PB 0x00000000a2800000| Untracked 
|  13|0x00000000a2900000, 0x00000000a2a00000, 0x00000000a2a00000|100%| O|  |TAMS 0x00000000a2900000| PB 0x00000000a2900000| Untracked 
|  14|0x00000000a2a00000, 0x00000000a2a00000, 0x00000000a2b00000|  0%| F|  |TAMS 0x00000000a2a00000| PB 0x00000000a2a00000| Untracked 
|  15|0x00000000a2b00000, 0x00000000a2c00000, 0x00000000a2c00000|100%| O|  |TAMS 0x00000000a2b00000| PB 0x00000000a2b00000| Untracked 
|  16|0x00000000a2c00000, 0x00000000a2d00000, 0x00000000a2d00000|100%| O|  |TAMS 0x00000000a2c00000| PB 0x00000000a2c00000| Untracked 
|  17|0x00000000a2d00000, 0x00000000a2e00000, 0x00000000a2e00000|100%| O|  |TAMS 0x00000000a2d00000| PB 0x00000000a2d00000| Untracked 
|  18|0x00000000a2e00000, 0x00000000a2f00000, 0x00000000a2f00000|100%| O|  |TAMS 0x00000000a2e00000| PB 0x00000000a2e00000| Untracked 
|  19|0x00000000a2f00000, 0x00000000a3000000, 0x00000000a3000000|100%| O|Cm|TAMS 0x00000000a2f00000| PB 0x00000000a2f00000| Complete 
|  20|0x00000000a3000000, 0x00000000a3100000, 0x00000000a3100000|100%| O|  |TAMS 0x00000000a3000000| PB 0x00000000a3000000| Untracked 
|  21|0x00000000a3100000, 0x00000000a3200000, 0x00000000a3200000|100%| O|  |TAMS 0x00000000a3100000| PB 0x00000000a3100000| Untracked 
|  22|0x00000000a3200000, 0x00000000a3295690, 0x00000000a3300000| 58%| O|  |TAMS 0x00000000a3200000| PB 0x00000000a3200000| Untracked 
|  23|0x00000000a3300000, 0x00000000a3400000, 0x00000000a3400000|100%| O|  |TAMS 0x00000000a3300000| PB 0x00000000a3300000| Untracked 
|  24|0x00000000a3400000, 0x00000000a3500000, 0x00000000a3500000|100%| O|  |TAMS 0x00000000a3400000| PB 0x00000000a3400000| Untracked 
|  25|0x00000000a3500000, 0x00000000a3600000, 0x00000000a3600000|100%| O|  |TAMS 0x00000000a3500000| PB 0x00000000a3500000| Untracked 
|  26|0x00000000a3600000, 0x00000000a3700000, 0x00000000a3700000|100%| O|  |TAMS 0x00000000a3600000| PB 0x00000000a3600000| Untracked 
|  27|0x00000000a3700000, 0x00000000a3800000, 0x00000000a3800000|100%| O|  |TAMS 0x00000000a3700000| PB 0x00000000a3700000| Untracked 
|  28|0x00000000a3800000, 0x00000000a3900000, 0x00000000a3900000|100%| O|  |TAMS 0x00000000a3800000| PB 0x00000000a3800000| Untracked 
|  29|0x00000000a3900000, 0x00000000a3900000, 0x00000000a3a00000|  0%| F|  |TAMS 0x00000000a3900000| PB 0x00000000a3900000| Untracked 
|  30|0x00000000a3a00000, 0x00000000a3a00000, 0x00000000a3b00000|  0%| F|  |TAMS 0x00000000a3a00000| PB 0x00000000a3a00000| Untracked 
|  31|0x00000000a3b00000, 0x00000000a3c00000, 0x00000000a3c00000|100%| O|  |TAMS 0x00000000a3b00000| PB 0x00000000a3b00000| Untracked 
|  32|0x00000000a3c00000, 0x00000000a3d00000, 0x00000000a3d00000|100%| O|  |TAMS 0x00000000a3c00000| PB 0x00000000a3c00000| Untracked 
|  33|0x00000000a3d00000, 0x00000000a3e00000, 0x00000000a3e00000|100%| O|  |TAMS 0x00000000a3d00000| PB 0x00000000a3d00000| Untracked 
|  34|0x00000000a3e00000, 0x00000000a3f00000, 0x00000000a3f00000|100%| O|  |TAMS 0x00000000a3e00000| PB 0x00000000a3e00000| Untracked 
|  35|0x00000000a3f00000, 0x00000000a4000000, 0x00000000a4000000|100%| O|Cm|TAMS 0x00000000a3f00000| PB 0x00000000a3f00000| Complete 
|  36|0x00000000a4000000, 0x00000000a4100000, 0x00000000a4100000|100%| O|Cm|TAMS 0x00000000a4000000| PB 0x00000000a4000000| Complete 
|  37|0x00000000a4100000, 0x00000000a4100000, 0x00000000a4200000|  0%| F|  |TAMS 0x00000000a4100000| PB 0x00000000a4100000| Untracked 
|  38|0x00000000a4200000, 0x00000000a4200000, 0x00000000a4300000|  0%| F|  |TAMS 0x00000000a4200000| PB 0x00000000a4200000| Untracked 
|  39|0x00000000a4300000, 0x00000000a4300000, 0x00000000a4400000|  0%| F|  |TAMS 0x00000000a4300000| PB 0x00000000a4300000| Untracked 
|  40|0x00000000a4400000, 0x00000000a4500000, 0x00000000a4500000|100%| O|  |TAMS 0x00000000a4400000| PB 0x00000000a4400000| Untracked 
|  41|0x00000000a4500000, 0x00000000a4600000, 0x00000000a4600000|100%| O|  |TAMS 0x00000000a4500000| PB 0x00000000a4500000| Untracked 
|  42|0x00000000a4600000, 0x00000000a46d6e40, 0x00000000a4700000| 83%| S|CS|TAMS 0x00000000a4600000| PB 0x00000000a4600000| Complete 
|  43|0x00000000a4700000, 0x00000000a4700000, 0x00000000a4800000|  0%| F|  |TAMS 0x00000000a4700000| PB 0x00000000a4700000| Untracked 
|  44|0x00000000a4800000, 0x00000000a4900000, 0x00000000a4900000|100%| S|CS|TAMS 0x00000000a4800000| PB 0x00000000a4800000| Complete 
|  45|0x00000000a4900000, 0x00000000a4a00000, 0x00000000a4a00000|100%| O|  |TAMS 0x00000000a4900000| PB 0x00000000a4900000| Untracked 
|  46|0x00000000a4a00000, 0x00000000a4b00000, 0x00000000a4b00000|100%| S|CS|TAMS 0x00000000a4a00000| PB 0x00000000a4a00000| Complete 
|  47|0x00000000a4b00000, 0x00000000a4c00000, 0x00000000a4c00000|100%| O|  |TAMS 0x00000000a4b00000| PB 0x00000000a4b00000| Untracked 
|  48|0x00000000a4c00000, 0x00000000a4c00000, 0x00000000a4d00000|  0%| F|  |TAMS 0x00000000a4c00000| PB 0x00000000a4c00000| Untracked 
|  49|0x00000000a4d00000, 0x00000000a4d00000, 0x00000000a4e00000|  0%| F|  |TAMS 0x00000000a4d00000| PB 0x00000000a4d00000| Untracked 
|  50|0x00000000a4e00000, 0x00000000a4f00000, 0x00000000a4f00000|100%| O|  |TAMS 0x00000000a4e00000| PB 0x00000000a4e00000| Untracked 
|  51|0x00000000a4f00000, 0x00000000a5000000, 0x00000000a5000000|100%| O|  |TAMS 0x00000000a4f00000| PB 0x00000000a4f00000| Untracked 
|  52|0x00000000a5000000, 0x00000000a5100000, 0x00000000a5100000|100%| O|  |TAMS 0x00000000a5000000| PB 0x00000000a5000000| Untracked 
|  53|0x00000000a5100000, 0x00000000a5200000, 0x00000000a5200000|100%| O|  |TAMS 0x00000000a5100000| PB 0x00000000a5100000| Untracked 
|  54|0x00000000a5200000, 0x00000000a5300000, 0x00000000a5300000|100%| O|  |TAMS 0x00000000a5200000| PB 0x00000000a5200000| Untracked 
|  55|0x00000000a5300000, 0x00000000a5300000, 0x00000000a5400000|  0%| F|  |TAMS 0x00000000a5300000| PB 0x00000000a5300000| Untracked 
|  56|0x00000000a5400000, 0x00000000a5400000, 0x00000000a5500000|  0%| F|  |TAMS 0x00000000a5400000| PB 0x00000000a5400000| Untracked 
|  57|0x00000000a5500000, 0x00000000a5500000, 0x00000000a5600000|  0%| F|  |TAMS 0x00000000a5500000| PB 0x00000000a5500000| Untracked 
|  58|0x00000000a5600000, 0x00000000a5600000, 0x00000000a5700000|  0%| F|  |TAMS 0x00000000a5600000| PB 0x00000000a5600000| Untracked 
|  59|0x00000000a5700000, 0x00000000a5700000, 0x00000000a5800000|  0%| F|  |TAMS 0x00000000a5700000| PB 0x00000000a5700000| Untracked 
|  60|0x00000000a5800000, 0x00000000a5800000, 0x00000000a5900000|  0%| F|  |TAMS 0x00000000a5800000| PB 0x00000000a5800000| Untracked 
|  61|0x00000000a5900000, 0x00000000a5900000, 0x00000000a5a00000|  0%| F|  |TAMS 0x00000000a5900000| PB 0x00000000a5900000| Untracked 
|  62|0x00000000a5a00000, 0x00000000a5a00000, 0x00000000a5b00000|  0%| F|  |TAMS 0x00000000a5a00000| PB 0x00000000a5a00000| Untracked 
|  63|0x00000000a5b00000, 0x00000000a5b00000, 0x00000000a5c00000|  0%| F|  |TAMS 0x00000000a5b00000| PB 0x00000000a5b00000| Untracked 
|  64|0x00000000a5c00000, 0x00000000a5c00000, 0x00000000a5d00000|  0%| F|  |TAMS 0x00000000a5c00000| PB 0x00000000a5c00000| Untracked 
|  65|0x00000000a5d00000, 0x00000000a5d00000, 0x00000000a5e00000|  0%| F|  |TAMS 0x00000000a5d00000| PB 0x00000000a5d00000| Untracked 
|  66|0x00000000a5e00000, 0x00000000a5e00000, 0x00000000a5f00000|  0%| F|  |TAMS 0x00000000a5e00000| PB 0x00000000a5e00000| Untracked 
|  67|0x00000000a5f00000, 0x00000000a5f00000, 0x00000000a6000000|  0%| F|  |TAMS 0x00000000a5f00000| PB 0x00000000a5f00000| Untracked 
|  68|0x00000000a6000000, 0x00000000a6000000, 0x00000000a6100000|  0%| F|  |TAMS 0x00000000a6000000| PB 0x00000000a6000000| Untracked 
|  69|0x00000000a6100000, 0x00000000a6100000, 0x00000000a6200000|  0%| F|  |TAMS 0x00000000a6100000| PB 0x00000000a6100000| Untracked 
|  70|0x00000000a6200000, 0x00000000a6200000, 0x00000000a6300000|  0%| F|  |TAMS 0x00000000a6200000| PB 0x00000000a6200000| Untracked 
|  71|0x00000000a6300000, 0x00000000a6300000, 0x00000000a6400000|  0%| F|  |TAMS 0x00000000a6300000| PB 0x00000000a6300000| Untracked 
|  72|0x00000000a6400000, 0x00000000a6400000, 0x00000000a6500000|  0%| F|  |TAMS 0x00000000a6400000| PB 0x00000000a6400000| Untracked 
|  73|0x00000000a6500000, 0x00000000a6500000, 0x00000000a6600000|  0%| F|  |TAMS 0x00000000a6500000| PB 0x00000000a6500000| Untracked 
|  74|0x00000000a6600000, 0x00000000a6600000, 0x00000000a6700000|  0%| F|  |TAMS 0x00000000a6600000| PB 0x00000000a6600000| Untracked 
|  75|0x00000000a6700000, 0x00000000a6700000, 0x00000000a6800000|  0%| F|  |TAMS 0x00000000a6700000| PB 0x00000000a6700000| Untracked 
|  76|0x00000000a6800000, 0x00000000a6800000, 0x00000000a6900000|  0%| F|  |TAMS 0x00000000a6800000| PB 0x00000000a6800000| Untracked 
|  77|0x00000000a6900000, 0x00000000a6900000, 0x00000000a6a00000|  0%| F|  |TAMS 0x00000000a6900000| PB 0x00000000a6900000| Untracked 
|  78|0x00000000a6a00000, 0x00000000a6a00000, 0x00000000a6b00000|  0%| F|  |TAMS 0x00000000a6a00000| PB 0x00000000a6a00000| Untracked 
|  79|0x00000000a6b00000, 0x00000000a6b00000, 0x00000000a6c00000|  0%| F|  |TAMS 0x00000000a6b00000| PB 0x00000000a6b00000| Untracked 
|  80|0x00000000a6c00000, 0x00000000a6c00000, 0x00000000a6d00000|  0%| F|  |TAMS 0x00000000a6c00000| PB 0x00000000a6c00000| Untracked 
|  81|0x00000000a6d00000, 0x00000000a6d00000, 0x00000000a6e00000|  0%| F|  |TAMS 0x00000000a6d00000| PB 0x00000000a6d00000| Untracked 
|  82|0x00000000a6e00000, 0x00000000a6e00000, 0x00000000a6f00000|  0%| F|  |TAMS 0x00000000a6e00000| PB 0x00000000a6e00000| Untracked 
|  83|0x00000000a6f00000, 0x00000000a6f00000, 0x00000000a7000000|  0%| F|  |TAMS 0x00000000a6f00000| PB 0x00000000a6f00000| Untracked 
|  84|0x00000000a7000000, 0x00000000a7000000, 0x00000000a7100000|  0%| F|  |TAMS 0x00000000a7000000| PB 0x00000000a7000000| Untracked 
|  85|0x00000000a7100000, 0x00000000a7100000, 0x00000000a7200000|  0%| F|  |TAMS 0x00000000a7100000| PB 0x00000000a7100000| Untracked 
|  86|0x00000000a7200000, 0x00000000a7200000, 0x00000000a7300000|  0%| F|  |TAMS 0x00000000a7200000| PB 0x00000000a7200000| Untracked 
|  87|0x00000000a7300000, 0x00000000a7300000, 0x00000000a7400000|  0%| F|  |TAMS 0x00000000a7300000| PB 0x00000000a7300000| Untracked 
|  88|0x00000000a7400000, 0x00000000a7400000, 0x00000000a7500000|  0%| F|  |TAMS 0x00000000a7400000| PB 0x00000000a7400000| Untracked 
|  89|0x00000000a7500000, 0x00000000a7500000, 0x00000000a7600000|  0%| F|  |TAMS 0x00000000a7500000| PB 0x00000000a7500000| Untracked 
|  90|0x00000000a7600000, 0x00000000a7600000, 0x00000000a7700000|  0%| F|  |TAMS 0x00000000a7600000| PB 0x00000000a7600000| Untracked 
|  91|0x00000000a7700000, 0x00000000a7700000, 0x00000000a7800000|  0%| F|  |TAMS 0x00000000a7700000| PB 0x00000000a7700000| Untracked 
|  92|0x00000000a7800000, 0x00000000a7800000, 0x00000000a7900000|  0%| F|  |TAMS 0x00000000a7800000| PB 0x00000000a7800000| Untracked 
|  93|0x00000000a7900000, 0x00000000a796c938, 0x00000000a7a00000| 42%| E|  |TAMS 0x00000000a7900000| PB 0x00000000a7900000| Complete 
|  94|0x00000000a7a00000, 0x00000000a7b00000, 0x00000000a7b00000|100%| E|CS|TAMS 0x00000000a7a00000| PB 0x00000000a7a00000| Complete 
|  95|0x00000000a7b00000, 0x00000000a7c00000, 0x00000000a7c00000|100%| E|CS|TAMS 0x00000000a7b00000| PB 0x00000000a7b00000| Complete 
|  96|0x00000000a7c00000, 0x00000000a7d00000, 0x00000000a7d00000|100%| E|CS|TAMS 0x00000000a7c00000| PB 0x00000000a7c00000| Complete 
|  97|0x00000000a7d00000, 0x00000000a7e00000, 0x00000000a7e00000|100%| E|CS|TAMS 0x00000000a7d00000| PB 0x00000000a7d00000| Complete 
|  98|0x00000000a7e00000, 0x00000000a7f00000, 0x00000000a7f00000|100%| E|CS|TAMS 0x00000000a7e00000| PB 0x00000000a7e00000| Complete 
|  99|0x00000000a7f00000, 0x00000000a8000000, 0x00000000a8000000|100%| E|CS|TAMS 0x00000000a7f00000| PB 0x00000000a7f00000| Complete 
| 100|0x00000000a8000000, 0x00000000a8100000, 0x00000000a8100000|100%| E|CS|TAMS 0x00000000a8000000| PB 0x00000000a8000000| Complete 
| 101|0x00000000a8100000, 0x00000000a8200000, 0x00000000a8200000|100%| E|CS|TAMS 0x00000000a8100000| PB 0x00000000a8100000| Complete 
| 102|0x00000000a8200000, 0x00000000a8300000, 0x00000000a8300000|100%| E|CS|TAMS 0x00000000a8200000| PB 0x00000000a8200000| Complete 
| 103|0x00000000a8300000, 0x00000000a8400000, 0x00000000a8400000|100%| E|CS|TAMS 0x00000000a8300000| PB 0x00000000a8300000| Complete 
| 104|0x00000000a8400000, 0x00000000a8500000, 0x00000000a8500000|100%| E|CS|TAMS 0x00000000a8400000| PB 0x00000000a8400000| Complete 
| 105|0x00000000a8500000, 0x00000000a8600000, 0x00000000a8600000|100%| E|CS|TAMS 0x00000000a8500000| PB 0x00000000a8500000| Complete 
| 106|0x00000000a8600000, 0x00000000a8700000, 0x00000000a8700000|100%| E|CS|TAMS 0x00000000a8600000| PB 0x00000000a8600000| Complete 
| 107|0x00000000a8700000, 0x00000000a8800000, 0x00000000a8800000|100%| E|CS|TAMS 0x00000000a8700000| PB 0x00000000a8700000| Complete 

Card table byte_map: [0x000001d179520000,0x000001d179820000] _byte_map_base: 0x000001d179012000

Marking Bits: (CMBitMap*) 0x000001d16d8e8450
 Bits: [0x000001d179820000, 0x000001d17afb0000)

Polling page: 0x000001d16d950000

Metaspace:

Usage:
  Non-class:     69.80 MB used.
      Class:     11.58 MB used.
       Both:     81.38 MB used.

Virtual space:
  Non-class space:      128.00 MB reserved,      70.12 MB ( 55%) committed,  2 nodes.
      Class space:        1.00 GB reserved,      11.88 MB (  1%) committed,  1 nodes.
             Both:        1.12 GB reserved,      82.00 MB (  7%) committed. 

Chunk freelists:
   Non-Class:  9.65 MB
       Class:  4.09 MB
        Both:  13.74 MB

MaxMetaspaceSize: unlimited
CompressedClassSpaceSize: 1.00 GB
Initial GC threshold: 21.00 MB
Current GC threshold: 136.19 MB
CDS: on
 - commit_granule_bytes: 65536.
 - commit_granule_words: 8192.
 - virtual_space_node_default_size: 8388608.
 - enlarge_chunks_in_place: 1.
 - use_allocation_guard: 0.


Internal statistics:

num_allocs_failed_limit: 12.
num_arena_births: 1258.
num_arena_deaths: 392.
num_vsnodes_births: 3.
num_vsnodes_deaths: 0.
num_space_committed: 1312.
num_space_uncommitted: 0.
num_chunks_returned_to_freelist: 462.
num_chunks_taken_from_freelist: 4577.
num_chunk_merges: 119.
num_chunk_splits: 3066.
num_chunks_enlarged: 2375.
num_inconsistent_stats: 0.

CodeCache: size=49152Kb used=13046Kb max_used=15823Kb free=36106Kb
 bounds [0x000001d175de0000, 0x000001d176df0000, 0x000001d178de0000]
 total_blobs=7351 nmethods=6588 adapters=685
 compilation: enabled
              stopped_count=0, restarted_count=0
 full_count=0

Compilation events (20 events):
Event: 1237.450 Thread 0x000001d17d5c4a60 nmethod 10643 0x000001d1765e4d90 code [0x000001d1765e4f20, 0x000001d1765e5030]
Event: 1237.450 Thread 0x000001d17d5c4a60 10644   !   1       org.springframework.beans.factory.support.DefaultListableBeanFactory::updateManualSingletonNames (93 bytes)
Event: 1237.450 Thread 0x000001d17e666e80 nmethod 10640 0x000001d1765e4810 code [0x000001d1765e49c0, 0x000001d1765e4ad8]
Event: 1237.450 Thread 0x000001d17e666e80 10645       1       org.springframework.beans.factory.support.DefaultListableBeanFactory$$Lambda/0x000001d1011795b0::test (12 bytes)
Event: 1237.450 Thread 0x000001d17e666e80 nmethod 10645 0x000001d1767ff490 code [0x000001d1767ff640, 0x000001d1767ff798]
Event: 1237.450 Thread 0x000001d17e666e80 10646       1       org.springframework.beans.factory.support.DefaultListableBeanFactory::lambda$removeManualSingletonName$10 (8 bytes)
Event: 1237.450 Thread 0x000001d17e666e80 nmethod 10646 0x000001d1767ff190 code [0x000001d1767ff340, 0x000001d1767ff418]
Event: 1237.453 Thread 0x000001d17d5c4a60 nmethod 10644 0x000001d176886e90 code [0x000001d176887120, 0x000001d176887770]
Event: 1237.495 Thread 0x000001d17d5c4a60 10647       1       org.hibernate.service.spi.ServiceBinding::getLifecycleOwner (5 bytes)
Event: 1237.496 Thread 0x000001d17d5c4a60 nmethod 10647 0x000001d176886910 code [0x000001d176886aa0, 0x000001d176886b68]
Event: 1237.574 Thread 0x000001d17d5c4a60 10648       1       sun.security.ssl.SSLSocketImpl::setSoTimeout (6 bytes)
Event: 1237.574 Thread 0x000001d17e666e80 10649       1       sun.security.ssl.BaseSSLSocketImpl::setSoTimeout (25 bytes)
Event: 1237.575 Thread 0x000001d17d5c4a60 nmethod 10648 0x000001d1767fee10 code [0x000001d1767fefc0, 0x000001d1767ff108]
Event: 1237.575 Thread 0x000001d17e666e80 nmethod 10649 0x000001d1767fea90 code [0x000001d1767fec40, 0x000001d1767fed88]
Event: 1237.708 Thread 0x000001d17e666e80 10650       1       java.lang.invoke.MethodHandleImpl$AsVarargsCollector::<init> (17 bytes)
Event: 1237.710 Thread 0x000001d17d5c4a60 10651       1       org.apache.juli.logging.DirectJDKLog::isDebugEnabled (11 bytes)
Event: 1237.710 Thread 0x000001d17e666e80 nmethod 10650 0x000001d176913d90 code [0x000001d176913f60, 0x000001d1769141e0]
Event: 1237.710 Thread 0x000001d17e666e80 10652  s    1       org.apache.catalina.util.LifecycleBase::setStateInternal (144 bytes)
Event: 1237.711 Thread 0x000001d17d5c4a60 nmethod 10651 0x000001d1767fe690 code [0x000001d1767fe820, 0x000001d1767fe930]
Event: 1237.713 Thread 0x000001d17e666e80 nmethod 10652 0x000001d176913110 code [0x000001d176913340, 0x000001d176913a70]

GC Heap History (20 events):
Event: 17.882 GC heap after
{Heap after GC invocations=26 (full 0):
 garbage-first heap   total 110592K, used 46505K [0x00000000a1c00000, 0x0000000100000000)
  region size 1024K, 6 young (6144K), 6 survivors (6144K)
 Metaspace       used 72409K, committed 73152K, reserved 1114112K
  class space    used 10353K, committed 10688K, reserved 1048576K
}
Event: 18.717 GC heap before
{Heap before GC invocations=26 (full 0):
 garbage-first heap   total 110592K, used 97705K [0x00000000a1c00000, 0x0000000100000000)
  region size 1024K, 56 young (57344K), 6 survivors (6144K)
 Metaspace       used 73150K, committed 73920K, reserved 1114112K
  class space    used 10403K, committed 10752K, reserved 1048576K
}
Event: 18.737 GC heap after
{Heap after GC invocations=27 (full 0):
 garbage-first heap   total 110592K, used 49098K [0x00000000a1c00000, 0x0000000100000000)
  region size 1024K, 6 young (6144K), 6 survivors (6144K)
 Metaspace       used 73150K, committed 73920K, reserved 1114112K
  class space    used 10403K, committed 10752K, reserved 1048576K
}
Event: 20.266 GC heap before
{Heap before GC invocations=27 (full 0):
 garbage-first heap   total 110592K, used 97226K [0x00000000a1c00000, 0x0000000100000000)
  region size 1024K, 53 young (54272K), 6 survivors (6144K)
 Metaspace       used 76552K, committed 77312K, reserved 1179648K
  class space    used 10901K, committed 11200K, reserved 1048576K
}
Event: 20.279 GC heap after
{Heap after GC invocations=28 (full 0):
 garbage-first heap   total 110592K, used 52822K [0x00000000a1c00000, 0x0000000100000000)
  region size 1024K, 6 young (6144K), 6 survivors (6144K)
 Metaspace       used 76552K, committed 77312K, reserved 1179648K
  class space    used 10901K, committed 11200K, reserved 1048576K
}
Event: 89.858 GC heap before
{Heap before GC invocations=28 (full 0):
 garbage-first heap   total 110592K, used 97878K [0x00000000a1c00000, 0x0000000100000000)
  region size 1024K, 50 young (51200K), 6 survivors (6144K)
 Metaspace       used 79784K, committed 80640K, reserved 1179648K
  class space    used 11378K, committed 11776K, reserved 1048576K
}
Event: 89.909 GC heap after
{Heap after GC invocations=29 (full 0):
 garbage-first heap   total 110592K, used 54101K [0x00000000a1c00000, 0x0000000100000000)
  region size 1024K, 5 young (5120K), 5 survivors (5120K)
 Metaspace       used 79784K, committed 80640K, reserved 1179648K
  class space    used 11378K, committed 11776K, reserved 1048576K
}
Event: 204.400 GC heap before
{Heap before GC invocations=30 (full 0):
 garbage-first heap   total 110592K, used 98133K [0x00000000a1c00000, 0x0000000100000000)
  region size 1024K, 49 young (50176K), 5 survivors (5120K)
 Metaspace       used 83018K, committed 83648K, reserved 1179648K
  class space    used 11797K, committed 12096K, reserved 1048576K
}
Event: 204.443 GC heap after
{Heap after GC invocations=31 (full 0):
 garbage-first heap   total 110592K, used 54272K [0x00000000a1c00000, 0x0000000100000000)
  region size 1024K, 3 young (3072K), 3 survivors (3072K)
 Metaspace       used 83018K, committed 83648K, reserved 1179648K
  class space    used 11797K, committed 12096K, reserved 1048576K
}
Event: 389.944 GC heap before
{Heap before GC invocations=31 (full 0):
 garbage-first heap   total 110592K, used 101376K [0x00000000a1c00000, 0x0000000100000000)
  region size 1024K, 49 young (50176K), 3 survivors (3072K)
 Metaspace       used 83018K, committed 83648K, reserved 1179648K
  class space    used 11797K, committed 12096K, reserved 1048576K
}
Event: 390.133 GC heap after
{Heap after GC invocations=32 (full 0):
 garbage-first heap   total 110592K, used 47257K [0x00000000a1c00000, 0x0000000100000000)
  region size 1024K, 3 young (3072K), 3 survivors (3072K)
 Metaspace       used 83018K, committed 83648K, reserved 1179648K
  class space    used 11797K, committed 12096K, reserved 1048576K
}
Event: 602.382 GC heap before
{Heap before GC invocations=32 (full 0):
 garbage-first heap   total 110592K, used 100505K [0x00000000a1c00000, 0x0000000100000000)
  region size 1024K, 55 young (56320K), 3 survivors (3072K)
 Metaspace       used 83018K, committed 83648K, reserved 1179648K
  class space    used 11797K, committed 12096K, reserved 1048576K
}
Event: 602.446 GC heap after
{Heap after GC invocations=33 (full 0):
 garbage-first heap   total 110592K, used 47301K [0x00000000a1c00000, 0x0000000100000000)
  region size 1024K, 3 young (3072K), 3 survivors (3072K)
 Metaspace       used 83018K, committed 83648K, reserved 1179648K
  class space    used 11797K, committed 12096K, reserved 1048576K
}
Event: 793.720 GC heap before
{Heap before GC invocations=34 (full 0):
 garbage-first heap   total 110592K, used 100549K [0x00000000a1c00000, 0x0000000100000000)
  region size 1024K, 55 young (56320K), 3 survivors (3072K)
 Metaspace       used 83176K, committed 83776K, reserved 1179648K
  class space    used 11825K, committed 12096K, reserved 1048576K
}
Event: 793.964 GC heap after
{Heap after GC invocations=35 (full 0):
 garbage-first heap   total 110592K, used 48074K [0x00000000a1c00000, 0x0000000100000000)
  region size 1024K, 4 young (4096K), 4 survivors (4096K)
 Metaspace       used 83176K, committed 83776K, reserved 1179648K
  class space    used 11825K, committed 12096K, reserved 1048576K
}
Event: 984.666 GC heap before
{Heap before GC invocations=35 (full 0):
 garbage-first heap   total 110592K, used 99274K [0x00000000a1c00000, 0x0000000100000000)
  region size 1024K, 54 young (55296K), 4 survivors (4096K)
 Metaspace       used 83201K, committed 83776K, reserved 1179648K
  class space    used 11830K, committed 12096K, reserved 1048576K
}
Event: 984.776 GC heap after
{Heap after GC invocations=36 (full 0):
 garbage-first heap   total 110592K, used 46290K [0x00000000a1c00000, 0x0000000100000000)
  region size 1024K, 3 young (3072K), 3 survivors (3072K)
 Metaspace       used 83201K, committed 83776K, reserved 1179648K
  class space    used 11830K, committed 12096K, reserved 1048576K
}
Event: 1192.609 GC heap before
{Heap before GC invocations=36 (full 0):
 garbage-first heap   total 110592K, used 100562K [0x00000000a1c00000, 0x0000000100000000)
  region size 1024K, 56 young (57344K), 3 survivors (3072K)
 Metaspace       used 83201K, committed 83776K, reserved 1179648K
  class space    used 11830K, committed 12096K, reserved 1048576K
}
Event: 1192.757 GC heap after
{Heap after GC invocations=37 (full 0):
 garbage-first heap   total 110592K, used 46513K [0x00000000a1c00000, 0x0000000100000000)
  region size 1024K, 3 young (3072K), 3 survivors (3072K)
 Metaspace       used 83201K, committed 83776K, reserved 1179648K
  class space    used 11830K, committed 12096K, reserved 1048576K
}
Event: 1237.715 GC heap before
{Heap before GC invocations=38 (full 0):
 garbage-first heap   total 110592K, used 60849K [0x00000000a1c00000, 0x0000000100000000)
  region size 1024K, 18 young (18432K), 3 survivors (3072K)
 Metaspace       used 83332K, committed 83968K, reserved 1179648K
  class space    used 11861K, committed 12160K, reserved 1048576K
}

Dll operation events (10 events):
Event: 0.017 Loaded shared library C:\Program Files\Java\jdk-21\bin\java.dll
Event: 0.245 Loaded shared library C:\Program Files\Java\jdk-21\bin\net.dll
Event: 0.249 Loaded shared library C:\Program Files\Java\jdk-21\bin\nio.dll
Event: 0.258 Loaded shared library C:\Program Files\Java\jdk-21\bin\zip.dll
Event: 0.471 Loaded shared library C:\Program Files\Java\jdk-21\bin\jimage.dll
Event: 0.904 Loaded shared library C:\Program Files\Java\jdk-21\bin\management.dll
Event: 0.913 Loaded shared library C:\Program Files\Java\jdk-21\bin\management_ext.dll
Event: 2.245 Loaded shared library C:\Program Files\Java\jdk-21\bin\sunmscapi.dll
Event: 6.311 Loaded shared library C:\Program Files\Java\jdk-21\bin\verify.dll
Event: 8.366 Loaded shared library C:\Program Files\Java\jdk-21\bin\extnet.dll

Deoptimization events (6 events):
Event: 3.741 Thread 0x000001d17e0c80b0 DEOPT PACKING pc=0x000001d1764d87a4 sp=0x00000027c82fe7b0
Event: 3.741 Thread 0x000001d17e0c80b0 DEOPT UNPACKING pc=0x000001d175e34e42 sp=0x00000027c82fdc60 mode 0
Event: 6.389 Thread 0x000001d17e0c80b0 DEOPT PACKING pc=0x000001d1766341a4 sp=0x00000027c82fbea0
Event: 6.389 Thread 0x000001d17e0c80b0 DEOPT UNPACKING pc=0x000001d175e34e42 sp=0x00000027c82fb448 mode 0
Event: 6.389 Thread 0x000001d17e0c80b0 DEOPT PACKING pc=0x000001d17657520c sp=0x00000027c82fc0a0
Event: 6.389 Thread 0x000001d17e0c80b0 DEOPT UNPACKING pc=0x000001d175e34e42 sp=0x00000027c82fb560 mode 0

Classes loaded (20 events):
Event: 137.944 Loading class java/time/format/Parsed
Event: 137.945 Loading class java/time/format/Parsed done
Event: 138.591 Loading class java/util/OptionalLong
Event: 138.592 Loading class java/util/OptionalLong done
Event: 138.592 Loading class java/util/OptionalDouble
Event: 138.592 Loading class java/util/OptionalDouble done
Event: 138.593 Loading class java/util/stream/LongStream
Event: 138.594 Loading class java/util/stream/LongStream done
Event: 138.594 Loading class java/util/stream/DoubleStream
Event: 138.594 Loading class java/util/stream/DoubleStream done
Event: 947.741 Loading class sun/security/ssl/Alert
Event: 948.786 Loading class sun/security/ssl/Alert done
Event: 949.008 Loading class sun/security/ssl/Alert$AlertConsumer
Event: 949.398 Loading class sun/security/ssl/Alert$AlertConsumer done
Event: 949.407 Loading class sun/security/ssl/Alert$Level
Event: 949.589 Loading class sun/security/ssl/Alert$Level done
Event: 949.804 Loading class sun/net/ConnectionResetException
Event: 949.813 Loading class sun/net/ConnectionResetException done
Event: 1237.325 Loading class java/util/concurrent/locks/AbstractQueuedSynchronizer$SharedNode
Event: 1237.334 Loading class java/util/concurrent/locks/AbstractQueuedSynchronizer$SharedNode done

Classes unloaded (20 events):
Event: 90.112 Thread 0x000001d17d5939e0 Unloading class 0x000001d101015800 'java/lang/invoke/LambdaForm$MH+0x000001d101015800'
Event: 90.112 Thread 0x000001d17d5939e0 Unloading class 0x000001d101014c00 'java/lang/invoke/LambdaForm$MH+0x000001d101014c00'
Event: 90.112 Thread 0x000001d17d5939e0 Unloading class 0x000001d101014400 'java/lang/invoke/LambdaForm$MH+0x000001d101014400'
Event: 602.858 Thread 0x000001d17d5939e0 Unloading class 0x000001d101aec800 'java/lang/invoke/LambdaForm$MH+0x000001d101aec800'
Event: 602.859 Thread 0x000001d17d5939e0 Unloading class 0x000001d101ab0000 'java/lang/invoke/LambdaForm$MH+0x000001d101ab0000'
Event: 602.859 Thread 0x000001d17d5939e0 Unloading class 0x000001d101aa4000 'java/lang/invoke/LambdaForm$MH+0x000001d101aa4000'
Event: 602.860 Thread 0x000001d17d5939e0 Unloading class 0x000001d101a9ec00 'java/lang/invoke/LambdaForm$MH+0x000001d101a9ec00'
Event: 602.860 Thread 0x000001d17d5939e0 Unloading class 0x000001d101a9e000 'java/lang/invoke/LambdaForm$MH+0x000001d101a9e000'
Event: 602.860 Thread 0x000001d17d5939e0 Unloading class 0x000001d101a9dc00 'java/lang/invoke/LambdaForm$MH+0x000001d101a9dc00'
Event: 602.860 Thread 0x000001d17d5939e0 Unloading class 0x000001d101a9d800 'java/lang/invoke/LambdaForm$MH+0x000001d101a9d800'
Event: 602.860 Thread 0x000001d17d5939e0 Unloading class 0x000001d101a9c800 'java/lang/invoke/LambdaForm$MH+0x000001d101a9c800'
Event: 602.860 Thread 0x000001d17d5939e0 Unloading class 0x000001d101a9c400 'java/lang/invoke/LambdaForm$MH+0x000001d101a9c400'
Event: 602.860 Thread 0x000001d17d5939e0 Unloading class 0x000001d101a9c000 'java/lang/invoke/LambdaForm$MH+0x000001d101a9c000'
Event: 602.861 Thread 0x000001d17d5939e0 Unloading class 0x000001d101a95800 'java/lang/invoke/LambdaForm$MH+0x000001d101a95800'
Event: 602.861 Thread 0x000001d17d5939e0 Unloading class 0x000001d101a95000 'java/lang/invoke/LambdaForm$MH+0x000001d101a95000'
Event: 602.861 Thread 0x000001d17d5939e0 Unloading class 0x000001d101a94c00 'java/lang/invoke/LambdaForm$MH+0x000001d101a94c00'
Event: 602.861 Thread 0x000001d17d5939e0 Unloading class 0x000001d101a94800 'java/lang/invoke/LambdaForm$MH+0x000001d101a94800'
Event: 602.861 Thread 0x000001d17d5939e0 Unloading class 0x000001d101a89400 'jdk/internal/reflect/GeneratedSerializationConstructorAccessor4'
Event: 602.862 Thread 0x000001d17d5939e0 Unloading class 0x000001d101a88400 'jdk/internal/reflect/GeneratedSerializationConstructorAccessor3'
Event: 602.862 Thread 0x000001d17d5939e0 Unloading class 0x000001d101a88000 'jdk/internal/reflect/GeneratedSerializationConstructorAccessor2'

Classes redefined (0 events):
No events

Internal exceptions (20 events):
Event: 19.003 Thread 0x000001d17e0c80b0 Exception <a 'java/lang/NoSuchMethodError'{0x00000000a80ca740}: 'java.lang.Object java.lang.invoke.DirectMethodHandle$Holder.newInvokeSpecial(java.lang.Object, java.lang.Object, java.lang.Object, java.lang.Object, java.lang.Object, java.lang.Object, java.lang.Object, java.lang.Object)'> (0x00000000a80ca740) 
thrown [s\open\src\hotspot\share\interpreter\linkResolver.cpp, line 773]
Event: 19.616 Thread 0x000001d17e0c80b0 Exception <a 'java/lang/IncompatibleClassChangeError'{0x00000000a6f43c08}: Found class java.lang.Object, but interface was expected> (0x00000000a6f43c08) 
thrown [s\open\src\hotspot\share\interpreter\linkResolver.cpp, line 840]
Event: 20.142 Thread 0x000001d17e0c80b0 Exception <a 'java/lang/NoSuchMethodError'{0x00000000a5d3b5c0}: 'int java.lang.invoke.DirectMethodHandle$Holder.invokeStaticInit(java.lang.Object, java.lang.Object, java.lang.Object, java.lang.Object)'> (0x00000000a5d3b5c0) 
thrown [s\open\src\hotspot\share\interpreter\linkResolver.cpp, line 773]
Event: 20.231 Thread 0x000001d17e0c80b0 Exception <a 'java/lang/IncompatibleClassChangeError'{0x00000000a5a667f0}: Found class java.lang.Object, but interface was expected> (0x00000000a5a667f0) 
thrown [s\open\src\hotspot\share\interpreter\linkResolver.cpp, line 840]
Event: 22.101 Thread 0x000001d17e0c80b0 Exception <a 'java/lang/NoSuchMethodError'{0x00000000a81a25a0}: 'java.lang.Object java.lang.invoke.Invokers$Holder.invoke_MT(java.lang.Object, java.lang.Object, java.lang.Object, java.lang.Object, java.lang.Object, java.lang.Object, java.lang.Object, java.lang.Object, java.lang.Object, java.lang.Object, java.lang.Object)'> (0x00000000a81a25a0) 
thrown [s\open\src\hotspot\share\interpreter\linkResolver.cpp, line 773]
Event: 22.428 Thread 0x000001d17e0c80b0 Exception <a 'java/lang/NoSuchMethodError'{0x00000000a7a80f90}: 'java.lang.Object java.lang.invoke.DirectMethodHandle$Holder.newInvokeSpecial(java.lang.Object, java.lang.Object, int, java.lang.Object, java.lang.Object)'> (0x00000000a7a80f90) 
thrown [s\open\src\hotspot\share\interpreter\linkResolver.cpp, line 773]
Event: 22.695 Thread 0x000001d17e0c80b0 Exception <a 'java/lang/NoSuchMethodError'{0x00000000a7065e40}: 'void java.lang.invoke.DirectMethodHandle$Holder.invokeSpecialIFC(java.lang.Object, java.lang.Object, int, java.lang.Object, java.lang.Object, java.lang.Object, java.lang.Object)'> (0x00000000a7065e40) 
thrown [s\open\src\hotspot\share\interpreter\linkResolver.cpp, line 773]
Event: 136.990 Thread 0x000001d17eacfde0 Exception <a 'java/lang/NoSuchMethodError'{0x00000000a7bc6698}: 'java.lang.Object java.lang.invoke.DirectMethodHandle$Holder.invokeStatic(java.lang.Object, java.lang.Object, java.lang.Object, int, int)'> (0x00000000a7bc6698) 
thrown [s\open\src\hotspot\share\interpreter\linkResolver.cpp, line 773]
Event: 136.996 Thread 0x000001d17eacfde0 Exception <a 'java/lang/NoSuchMethodError'{0x00000000a7bc9e48}: 'java.lang.Object java.lang.invoke.DirectMethodHandle$Holder.invokeStaticInit(java.lang.Object, java.lang.Object, java.lang.Object, int, int)'> (0x00000000a7bc9e48) 
thrown [s\open\src\hotspot\share\interpreter\linkResolver.cpp, line 773]
Event: 137.248 Thread 0x000001d1455d3750 Exception <a 'java/lang/NoSuchMethodError'{0x00000000a796f5b8}: 'java.lang.Object java.lang.invoke.DirectMethodHandle$Holder.invokeSpecial(java.lang.Object, java.lang.Object, java.lang.Object, java.lang.Object, java.lang.Object, long)'> (0x00000000a796f5b8) 
thrown [s\open\src\hotspot\share\interpreter\linkResolver.cpp, line 773]
Event: 137.249 Thread 0x000001d1455d3750 Exception <a 'java/lang/NoSuchMethodError'{0x00000000a7972d88}: 'java.lang.Object java.lang.invoke.Invokers$Holder.linkToTargetMethod(java.lang.Object, java.lang.Object, java.lang.Object, long, java.lang.Object)'> (0x00000000a7972d88) 
thrown [s\open\src\hotspot\share\interpreter\linkResolver.cpp, line 773]
Event: 138.114 Thread 0x000001d1455d3750 Exception <a 'java/lang/NoSuchMethodError'{0x00000000a6f48b88}: 'int java.lang.invoke.DirectMethodHandle$Holder.invokeStatic(java.lang.Object, java.lang.Object, int, int)'> (0x00000000a6f48b88) 
thrown [s\open\src\hotspot\share\interpreter\linkResolver.cpp, line 773]
Event: 138.513 Thread 0x000001d1455d3750 Exception <a 'java/lang/NoSuchMethodError'{0x00000000a6feae30}: 'java.lang.Object java.lang.invoke.DirectMethodHandle$Holder.invokeInterface(java.lang.Object, java.lang.Object, java.lang.Object, java.lang.Object)'> (0x00000000a6feae30) 
thrown [s\open\src\hotspot\share\interpreter\linkResolver.cpp, line 773]
Event: 154.872 Thread 0x000001d1455d1d10 Exception <a 'java/lang/IncompatibleClassChangeError'{0x00000000a680fbb8}: Found class java.lang.Object, but interface was expected> (0x00000000a680fbb8) 
thrown [s\open\src\hotspot\share\interpreter\linkResolver.cpp, line 840]
Event: 775.596 Thread 0x000001d17eaccff0 Exception <a 'java/lang/IncompatibleClassChangeError'{0x00000000a5b9fcf8}: Found class java.lang.Object, but interface was expected> (0x00000000a5b9fcf8) 
thrown [s\open\src\hotspot\share\interpreter\linkResolver.cpp, line 840]
Event: 949.726 Thread 0x000001d17ead0470 Exception <a 'java/io/IOException'{0x00000000a6085da8}> (0x00000000a6085da8) 
thrown [s\open\src\hotspot\share\prims\jni.cpp, line 520]
Event: 949.794 Thread 0x000001d17ead0470 Exception <a 'java/io/IOException'{0x00000000a60871f8}> (0x00000000a60871f8) 
thrown [s\open\src\hotspot\share\prims\jni.cpp, line 520]
Event: 1153.385 Thread 0x000001d17ead1820 Exception <a 'java/io/IOException'{0x00000000a5d815a8}> (0x00000000a5d815a8) 
thrown [s\open\src\hotspot\share\prims\jni.cpp, line 520]
Event: 1153.422 Thread 0x000001d17ead1820 Exception <a 'java/io/IOException'{0x00000000a5d824d0}> (0x00000000a5d824d0) 
thrown [s\open\src\hotspot\share\prims\jni.cpp, line 520]
Event: 1237.709 Thread 0x000001d17f0220f0 Exception <a 'java/lang/InterruptedException'{0x00000000a79364f8}: sleep interrupted> (0x00000000a79364f8) 
thrown [s\open\src\hotspot\share\prims\jvm.cpp, line 3074]

ZGC Phase Switch (0 events):
No events

VM Operations (20 events):
Event: 964.243 Executing VM operation: Cleanup done
Event: 984.663 Executing VM operation: G1CollectForAllocation (G1 Evacuation Pause)
Event: 984.777 Executing VM operation: G1CollectForAllocation (G1 Evacuation Pause) done
Event: 995.841 Executing VM operation: Cleanup
Event: 995.841 Executing VM operation: Cleanup done
Event: 1100.563 Executing VM operation: Cleanup
Event: 1100.620 Executing VM operation: Cleanup done
Event: 1105.647 Executing VM operation: Cleanup
Event: 1105.647 Executing VM operation: Cleanup done
Event: 1154.006 Executing VM operation: Cleanup
Event: 1154.007 Executing VM operation: Cleanup done
Event: 1192.592 Executing VM operation: G1CollectForAllocation (G1 Evacuation Pause)
Event: 1192.758 Executing VM operation: G1CollectForAllocation (G1 Evacuation Pause) done
Event: 1193.344 Executing VM operation: G1PauseRemark
Event: 1193.491 Executing VM operation: G1PauseRemark done
Event: 1193.587 Executing VM operation: G1PauseCleanup
Event: 1193.589 Executing VM operation: G1PauseCleanup done
Event: 1203.650 Executing VM operation: Cleanup
Event: 1203.650 Executing VM operation: Cleanup done
Event: 1237.714 Executing VM operation: G1CollectFull (System.gc())

Events (20 events):
Event: 1237.378 Thread 0x000001d17eacfde0 Thread exited: 0x000001d17eacfde0
Event: 1237.383 Thread 0x000001d17ead0b00 Thread exited: 0x000001d17ead0b00
Event: 1237.397 Thread 0x000001d17eacdd10 Thread exited: 0x000001d17eacdd10
Event: 1237.402 Thread 0x000001d17eacf750 Thread exited: 0x000001d17eacf750
Event: 1237.402 Thread 0x000001d17eacd680 Thread exited: 0x000001d17eacd680
Event: 1237.402 Thread 0x000001d17eaccff0 Thread exited: 0x000001d17eaccff0
Event: 1237.402 Thread 0x000001d1455d1d10 Thread exited: 0x000001d1455d1d10
Event: 1237.403 Thread 0x000001d1455d3750 Thread exited: 0x000001d1455d3750
Event: 1237.403 Thread 0x000001d17eacc2d0 Thread exited: 0x000001d17eacc2d0
Event: 1237.404 Thread 0x000001d1455d2a30 Thread exited: 0x000001d1455d2a30
Event: 1237.404 Thread 0x000001d17eacea30 Thread exited: 0x000001d17eacea30
Event: 1237.404 Thread 0x000001d17eacf0c0 Thread exited: 0x000001d17eacf0c0
Event: 1237.405 Thread 0x000001d1455d0ff0 Thread exited: 0x000001d1455d0ff0
Event: 1237.447 Thread 0x000001d17e666e80 Thread added: 0x000001d17e666e80
Event: 1237.572 Thread 0x000001d17eaccff0 Thread added: 0x000001d17eaccff0
Event: 1237.576 Thread 0x000001d17f086040 Thread exited: 0x000001d17f086040
Event: 1237.592 Thread 0x000001d17eaccff0 Thread exited: 0x000001d17eaccff0
Event: 1237.709 Thread 0x000001d17d77b120 Thread exited: 0x000001d17d77b120
Event: 1237.709 Thread 0x000001d17d77b780 Thread exited: 0x000001d17d77b780
Event: 1237.709 Thread 0x000001d17f0220f0 Thread exited: 0x000001d17f0220f0


Dynamic libraries:
0x00007ff68f6e0000 - 0x00007ff68f6f0000 	C:\Program Files\Java\jdk-21\bin\java.exe
0x00007ff83bae0000 - 0x00007ff83bd48000 	C:\WINDOWS\SYSTEM32\ntdll.dll
0x00007ff83a830000 - 0x00007ff83a8f9000 	C:\WINDOWS\System32\KERNEL32.DLL
0x00007ff839120000 - 0x00007ff83950d000 	C:\WINDOWS\System32\KERNELBASE.dll
0x00007ff838d90000 - 0x00007ff838edb000 	C:\WINDOWS\System32\ucrtbase.dll
0x00007ff82f160000 - 0x00007ff82f17b000 	C:\Program Files\Java\jdk-21\bin\VCRUNTIME140.dll
0x00007ff82f500000 - 0x00007ff82f519000 	C:\Program Files\Java\jdk-21\bin\jli.dll
0x00007ff83a600000 - 0x00007ff83a6b4000 	C:\WINDOWS\System32\ADVAPI32.dll
0x00007ff839f80000 - 0x00007ff83a029000 	C:\WINDOWS\System32\msvcrt.dll
0x00007ff83b6d0000 - 0x00007ff83b776000 	C:\WINDOWS\System32\sechost.dll
0x00007ff83b980000 - 0x00007ff83ba98000 	C:\WINDOWS\System32\RPCRT4.dll
0x00007ff83a900000 - 0x00007ff83aacc000 	C:\WINDOWS\System32\USER32.dll
0x00007ff838c30000 - 0x00007ff838c57000 	C:\WINDOWS\System32\win32u.dll
0x00007ff83ae50000 - 0x00007ff83ae7b000 	C:\WINDOWS\System32\GDI32.dll
0x00007ff8395c0000 - 0x00007ff8396f7000 	C:\WINDOWS\System32\gdi32full.dll
0x00007ff839510000 - 0x00007ff8395b3000 	C:\WINDOWS\System32\msvcp_win.dll
0x00007ff823430000 - 0x00007ff8236ca000 	C:\WINDOWS\WinSxS\amd64_microsoft.windows.common-controls_6595b64144ccf1df_6.0.26100.4484_none_3e0e6d4ce32ef3b3\COMCTL32.dll
0x00007ff832c30000 - 0x00007ff832c3b000 	C:\WINDOWS\SYSTEM32\VERSION.dll
0x00007ff839f40000 - 0x00007ff839f6f000 	C:\WINDOWS\System32\IMM32.DLL
0x00007ff830840000 - 0x00007ff83084c000 	C:\Program Files\Java\jdk-21\bin\vcruntime140_1.dll
0x00007ff82a1b0000 - 0x00007ff82a23e000 	C:\Program Files\Java\jdk-21\bin\msvcp140.dll
0x00007fff9e9d0000 - 0x00007fff9f6ea000 	C:\Program Files\Java\jdk-21\bin\server\jvm.dll
0x00007ff83ae80000 - 0x00007ff83aef4000 	C:\WINDOWS\System32\WS2_32.dll
0x00007ff838a80000 - 0x00007ff838ade000 	C:\WINDOWS\SYSTEM32\POWRPROF.dll
0x00007ff832bf0000 - 0x00007ff832c25000 	C:\WINDOWS\SYSTEM32\WINMM.dll
0x00007ff838a60000 - 0x00007ff838a74000 	C:\WINDOWS\SYSTEM32\UMPDC.dll
0x00007ff8379d0000 - 0x00007ff8379eb000 	C:\WINDOWS\SYSTEM32\kernel.appcore.dll
0x00007ff82f4f0000 - 0x00007ff82f4fa000 	C:\Program Files\Java\jdk-21\bin\jimage.dll
0x00007ff82d450000 - 0x00007ff82d691000 	C:\WINDOWS\SYSTEM32\DBGHELP.DLL
0x00007ff839b50000 - 0x00007ff839ed6000 	C:\WINDOWS\System32\combase.dll
0x00007ff839a60000 - 0x00007ff839b40000 	C:\WINDOWS\System32\OLEAUT32.dll
0x00007ff8208c0000 - 0x00007ff820903000 	C:\WINDOWS\SYSTEM32\dbgcore.DLL
0x00007ff838c60000 - 0x00007ff838cf9000 	C:\WINDOWS\System32\bcryptPrimitives.dll
0x00007ff82a990000 - 0x00007ff82a9af000 	C:\Program Files\Java\jdk-21\bin\java.dll
0x00007ff83af10000 - 0x00007ff83b65a000 	C:\WINDOWS\System32\SHELL32.dll
0x00007ff839700000 - 0x00007ff839874000 	C:\WINDOWS\System32\wintypes.dll
0x00007ff836860000 - 0x00007ff8370bb000 	C:\WINDOWS\SYSTEM32\windows.storage.dll
0x00007ff83b860000 - 0x00007ff83b955000 	C:\WINDOWS\System32\SHCORE.dll
0x00007ff83b660000 - 0x00007ff83b6ca000 	C:\WINDOWS\System32\shlwapi.dll
0x00007ff838b40000 - 0x00007ff838b6f000 	C:\WINDOWS\SYSTEM32\profapi.dll
0x00007ff82a6d0000 - 0x00007ff82a6e0000 	C:\Program Files\Java\jdk-21\bin\net.dll
0x00007ff82e610000 - 0x00007ff82e72e000 	C:\WINDOWS\SYSTEM32\WINHTTP.dll
0x00007ff837f60000 - 0x00007ff837fca000 	C:\WINDOWS\system32\mswsock.dll
0x00007ff82a0b0000 - 0x00007ff82a0c6000 	C:\Program Files\Java\jdk-21\bin\nio.dll
0x00007ff82a090000 - 0x00007ff82a0a8000 	C:\Program Files\Java\jdk-21\bin\zip.dll
0x00007ff82a050000 - 0x00007ff82a05a000 	C:\Program Files\Java\jdk-21\bin\management.dll
0x00007ff82a040000 - 0x00007ff82a04b000 	C:\Program Files\Java\jdk-21\bin\management_ext.dll
0x00007ff83a5f0000 - 0x00007ff83a5f8000 	C:\WINDOWS\System32\PSAPI.DLL
0x00007ff82a030000 - 0x00007ff82a03e000 	C:\Program Files\Java\jdk-21\bin\sunmscapi.dll
0x00007ff838fa0000 - 0x00007ff839117000 	C:\WINDOWS\System32\CRYPT32.dll
0x00007ff838430000 - 0x00007ff838460000 	C:\WINDOWS\SYSTEM32\ncrypt.dll
0x00007ff8383e0000 - 0x00007ff83841f000 	C:\WINDOWS\SYSTEM32\NTASN1.dll
0x00007ff82a6c0000 - 0x00007ff82a6d0000 	C:\Program Files\Java\jdk-21\bin\verify.dll
0x00007ff838210000 - 0x00007ff83822b000 	C:\WINDOWS\SYSTEM32\CRYPTSP.dll
0x00007ff837930000 - 0x00007ff83796b000 	C:\WINDOWS\system32\rsaenh.dll
0x00007ff838000000 - 0x00007ff83802b000 	C:\WINDOWS\SYSTEM32\USERENV.dll
0x00007ff838b10000 - 0x00007ff838b36000 	C:\WINDOWS\SYSTEM32\bcrypt.dll
0x00007ff838230000 - 0x00007ff83823c000 	C:\WINDOWS\SYSTEM32\CRYPTBASE.dll
0x00007ff837470000 - 0x00007ff8374a3000 	C:\WINDOWS\SYSTEM32\IPHLPAPI.DLL
0x00007ff83af00000 - 0x00007ff83af0a000 	C:\WINDOWS\System32\NSI.dll
0x00007ff8374b0000 - 0x00007ff8375d6000 	C:\WINDOWS\SYSTEM32\DNSAPI.dll
0x00007ff826000000 - 0x00007ff82600b000 	C:\Windows\System32\rasadhlp.dll
0x00007ff82d3c0000 - 0x00007ff82d446000 	C:\WINDOWS\System32\fwpuclnt.dll
0x00007ff82a020000 - 0x00007ff82a029000 	C:\Program Files\Java\jdk-21\bin\extnet.dll
0x00007fffd1190000 - 0x00007fffd1198000 	C:\WINDOWS\system32\wshunix.dll

dbghelp: loaded successfully - version: 4.0.5 - missing functions: none
symbol engine: initialized successfully - sym options: 0x614 - pdb path: .;C:\Program Files\Java\jdk-21\bin;C:\WINDOWS\SYSTEM32;C:\WINDOWS\WinSxS\amd64_microsoft.windows.common-controls_6595b64144ccf1df_6.0.26100.4484_none_3e0e6d4ce32ef3b3;C:\Program Files\Java\jdk-21\bin\server

VM Arguments:
jvm_args: -XX:TieredStopAtLevel=1 
java_command: com.example.storemanagementbackend.StoremanagementbackendApplication
java_class_path (initial): D:\IDMSBackend\IDMSbackend\target\classes;C:\Users\SWATHI N\.m2\repository\ch\qos\logback\logback-classic\1.5.18\logback-classic-1.5.18.jar;C:\Users\SWATHI N\.m2\repository\ch\qos\logback\logback-core\1.5.18\logback-core-1.5.18.jar;C:\Users\SWATHI N\.m2\repository\org\apache\logging\log4j\log4j-to-slf4j\2.24.3\log4j-to-slf4j-2.24.3.jar;C:\Users\SWATHI N\.m2\repository\org\apache\logging\log4j\log4j-api\2.24.3\log4j-api-2.24.3.jar;C:\Users\SWATHI N\.m2\repository\org\slf4j\jul-to-slf4j\2.0.17\jul-to-slf4j-2.0.17.jar;C:\Users\SWATHI N\.m2\repository\jakarta\annotation\jakarta.annotation-api\2.1.1\jakarta.annotation-api-2.1.1.jar;C:\Users\SWATHI N\.m2\repository\org\yaml\snakeyaml\2.4\snakeyaml-2.4.jar;C:\Users\SWATHI N\.m2\repository\com\zaxxer\HikariCP\6.3.0\HikariCP-6.3.0.jar;C:\Users\SWATHI N\.m2\repository\org\springframework\spring-jdbc\6.2.7\spring-jdbc-6.2.7.jar;C:\Users\SWATHI N\.m2\repository\org\hibernate\orm\hibernate-core\6.6.15.Final\hibernate-core-6.6.15.Final.jar;C:\Users\SWATHI N\.m2\repository\jakarta\persistence\jakarta.persistence-api\3.1.0\jakarta.persistence-api-3.1.0.jar;C:\Users\SWATHI N\.m2\repository\jakarta\transaction\jakarta.transaction-api\2.0.1\jakarta.transaction-api-2.0.1.jar;C:\Users\SWATHI N\.m2\repository\org\jboss\logging\jboss-logging\3.6.1.Final\jboss-logging-3.6.1.Final.jar;C:\Users\SWATHI N\.m2\repository\org\hibernate\common\hibernate-commons-annotations\7.0.3.Final\hibernate-commons-annotations-7.0.3.Final.jar;C:\Users\SWATHI N\.m2\repository\io\smallrye\jandex\3.2.0\jandex-3.2.0.jar;C:\Users\SWATHI N\.m2\repository\com\fasterxml\classmate\1.7.0\classmate-1.7.0.jar;C:\Users\SWATHI N\.m2\repository\net\bytebuddy\byte-buddy\1.17.5\byte-buddy-1.17.5.jar;C:\Users\SWATHI N\.m2\repository\org\glassfish\jaxb\jaxb-runtime\4.0.5\jaxb-runtime-4.0.5.jar;C:\Users\SWATHI N\.m2\repository\org\glassfish\jaxb\jaxb-core\4.0.5\jaxb-core-4.0.5.jar;C:\Users\SWATHI N\.m2\repository\org\glassfish\jaxb\txw2\4.0.5\txw2-4.0.5.jar;C:\Users\SWATHI N\.m2\repository\com\sun\istack\istack-commons-runtime\4.1.2\istack-commons-runtime-4.1.2.jar;C:\Users\SWATHI N\.m2\repository\jakarta\inject\jakarta.inject-api\2.0.1\jakarta.inject-api-2.0.1.jar;C:\Users\SWATHI N\.m2\repository\org\antlr\antlr4-runtime\4.13.0\antlr4-runtime-4.13.0.jar;C:\Users\SWATHI N\.m2\repository\org\springframework\data\spring-data-jpa\3.5.0\spring-data-jpa-3.5.0.jar;C:\Users\SWATHI N\.m2\repository\org\springframework\data\spring-data-commons\3.5.0\spring-data-commons-3.5.0.jar;C:\Users\SWATHI N\.m2\repository\org\springframework\spring-orm\6.2.7\spring-orm-6.2.7.jar;C:\Users\SWATHI N\.m2\repository\org\springframework\spring-context\6.2.7\spring-context-6.2.7.jar;C:\Users\SWATHI N\.m2\repository\org\springframework\spring-tx\6.2.7\spring-tx-6.2.7.jar;C:\Users\SWATHI N\.m2\repository\org\springframework\spring-beans\6.2.7\spring-beans-6.2.7.jar;C:\Users\SWATHI N\.m2\repository\org\slf4j\slf4j-api\2.0.17\slf4j-api-2.0.17.jar;C:\Users\SWATHI N\.m2\repository\org\springframework\spring-aspects\6.2.7\spring-aspects-6.2.7.jar;C:\Users\SWATHI N\.m2\repository\org\aspectj\aspectjweaver\1.9.24\aspectjweaver-1.9.24.jar;C:\Users\SWATHI N\.m2\repository\org\springframework\spring-aop\6.2.7\spring-aop-6.2.7.jar;C:\Users\SWATHI N\.m2\repository\org\springframework\security\spring-security-config\6.5.0\spring-security-config-6.5.0.jar;C:\Users\SWATHI N\.m2\repository\org\springframework\security\spring-security-web\6.5.0\spring-security-web-6.5.0.jar;C:\Users\SWATHI N\.m2\repository\org\springframework\spring-expression\6.2.7\spring-expression-6.2.7.jar;C:\Users\SWATHI N\.m2\repository\com\fasterxml\jackson\datatype\jackson-datatype-jdk8\2.19.0\jackson-datatype-jdk8-2.19.0.jar;C:\Users\SWATHI N\.m2\repository\com\fasterxml\jackson\datatype\jackson-datatype-jsr310\2.19.0\jackson-datatype-jsr310-2.19.0.jar;C:\Users\SWATHI N\.m2\repository\com\fasterxml\jackson\module\jackson-module-parameter-names\2.19.0\jackson-module-parameter-names-2.19.0.jar;C:\Users\SWATHI N\.m2\repository\org\apache\tomcat\embed\tomcat-embed-core\10.1.41\tomcat-embed-core-10.1.41.jar;C:\Users\SWATHI N\.m2\repository\org\apache\tomcat\embed\tomcat-embed-el\10.1.41\tomcat-embed-el-10.1.41.jar;C:\Users\SWATHI N\.m2\repository\org\apache\tomcat\embed\tomcat-embed-websocket\10.1.41\tomcat-embed-websocket-10.1.41.jar;C:\Users\SWATHI N\.m2\repository\org\springframework\spring-web\6.2.7\spring-web-6.2.7.jar;C:\Users\SWATHI N\.m2\repository\io\micrometer\micrometer-observation\1.15.0\micrometer-observation-1.15.0.jar;C:\Users\SWATHI N\.m2\repository\io\micrometer\micrometer-commons\1.15.0\micrometer-commons-1.15.0.jar;C:\Users\SWATHI N\.m2\repository\org\springframework\spring-webmvc\6.2.7\spring-webmvc-6.2.7.jar;C:\Users\SWATHI N\.m2\repository\org\springframework\spring-context-support\6.2.7\spring-context-support-6.2.7.jar;C:\Users\SWATHI N\.m2\repository\org\eclipse\angus\jakarta.mail\2.0.3\jakarta.mail-2.0.3.jar;C:\Users\SWATHI N\.m2\repository\jakarta\activation\jakarta.activation-api\2.1.3\jakarta.activation-api-2.1.3.jar;C:\Users\SWATHI N\.m2\repository\org\eclipse\angus\angus-activation\2.0.2\angus-activation-2.0.2.jar;C:\Users\SWATHI N\.m2\repository\org\springframework\boot\spring-boot-devtools\3.5.0\spring-boot-devtools-3.5.0.jar;C:\Users\SWATHI N\.m2\repository\org\springframework\boot\spring-boot\3.5.0\spring-boot-3.5.0.jar;C:\Users\SWATHI N\.m2\repository\org\springframework\boot\spring-boot-autoconfigure\3.5.0\spring-boot-autoconfigure-3.5.0.jar;C:\Users\SWATHI N\.m2\repository\com\mysql\mysql-connector-j\9.2.0\mysql-connector-j-9.2.0.jar;C:\Users\SWATHI N\.m2\repository\jakarta\xml\bind\jakarta.xml.bind-api\4.0.2\jakarta.xml.bind-api-4.0.2.jar;C:\Users\SWATHI N\.m2\repository\org\springframework\spring-core\6.2.7\spring-core-6.2.7.jar;C:\Users\SWATHI N\.m2\repository\org\springframework\spring-jcl\6.2.7\spring-jcl-6.2.7.jar;C:\Users\SWATHI N\.m2\repository\org\springframework\security\spring-security-core\6.5.0\spring-security-core-6.5.0.jar;C:\Users\SWATHI N\.m2\repository\org\springframework\security\spring-security-crypto\6.5.0\spring-security-crypto-6.5.0.jar;C:\Users\SWATHI N\.m2\repository\io\jsonwebtoken\jjwt-api\0.11.5\jjwt-api-0.11.5.jar;C:\Users\SWATHI N\.m2\repository\io\jsonwebtoken\jjwt-impl\0.11.5\jjwt-impl-0.11.5.jar;C:\Users\SWATHI N\.m2\repository\io\jsonwebtoken\jjwt-jackson\0.11.5\jjwt-jackson-0.11.5.jar;C:\Users\SWATHI N\.m2\repository\com\fasterxml\jackson\core\jackson-databind\2.19.0\jackson-databind-2.19.0.jar;C:\Users\SWATHI N\.m2\repository\com\fasterxml\jackson\core\jackson-annotations\2.19.0\jackson-annotations-2.19.0.jar;C:\Users\SWATHI N\.m2\repository\com\google\apis\google-api-services-drive\v3-rev20211107-1.32.1\google-api-services-drive-v3-rev20211107-1.32.1.jar;C:\Users\SWATHI N\.m2\repository\com\google\api-client\google-api-client\1.31.1\google-api-client-1.31.1.jar;C:\Users\SWATHI N\.m2\repository\com\google\oauth-client\google-oauth-client\1.31.2\google-oauth-client-1.31.2.jar;C:\Users\SWATHI N\.m2\repository\com\google\guava\guava\29.0-android\guava-29.0-android.jar;C:\Users\SWATHI N\.m2\repository\com\google\guava\failureaccess\1.0.1\failureaccess-1.0.1.jar;C:\Users\SWATHI N\.m2\repository\com\google\guava\listenablefuture\9999.0-empty-to-avoid-conflict-with-guava\listenablefuture-9999.0-empty-to-avoid-conflict-with-guava.jar;C:\Users\SWATHI N\.m2\repository\org\checkerframework\checker-compat-qual\2.5.5\checker-compat-qual-2.5.5.jar;C:\Users\SWATHI N\.m2\repository\com\google\errorprone\error_prone_annotations\2.3.4\error_prone_annotations-2.3.4.jar;C:\Users\SWATHI N\.m2\repository\com\google\j2objc\j2objc-annotations\1.3\j2objc-annotations-1.3.jar;C:\Users\SWATHI N\.m2\repository\com\google\http-client\google-http-client-apache-v2\1.38.0\google-http-client-apache-v2-1.38.0.jar;C:\Users\SWATHI N\.m2\repository\org\apache\httpcomponents\httpclient\4.5.13\httpclient-4.5.13.jar;C:\Users\SWATHI N\.m2\repository\commons-logging\commons-logging\1.2\commons-logging-1.2.jar;C:\Users\SWATHI N\.m2\repository\commons-codec\commons-codec\1.18.0\commons-codec-1.18.0.jar;C:\Users\SWATHI N\.m2\repository\org\apache\httpcomponents\httpcore\4.4.16\httpcore-4.4.16.jar;C:\Users\SWATHI N\.m2\repository\com\google\auth\google-auth-library-oauth2-http\0.25.2\google-auth-library-oauth2-http-0.25.2.jar;C:\Users\SWATHI N\.m2\repository\com\google\auto\value\auto-value-annotations\1.7.4\auto-value-annotations-1.7.4.jar;C:\Users\SWATHI N\.m2\repository\com\google\code\findbugs\jsr305\3.0.2\jsr305-3.0.2.jar;C:\Users\SWATHI N\.m2\repository\com\google\auth\google-auth-library-credentials\0.25.2\google-auth-library-credentials-0.25.2.jar;C:\Users\SWATHI N\.m2\repository\com\google\http-client\google-http-client\1.39.1\google-http-client-1.39.1.jar;C:\Users\SWATHI N\.m2\repository\io\opencensus\opencensus-api\0.28.0\opencensus-api-0.28.0.jar;C:\Users\SWATHI N\.m2\repository\io\grpc\grpc-context\1.27.2\grpc-context-1.27.2.jar;C:\Users\SWATHI N\.m2\repository\io\opencensus\opencensus-contrib-http-util\0.28.0\opencensus-contrib-http-util-0.28.0.jar;C:\Users\SWATHI N\.m2\repository\com\google\http-client\google-http-client-gson\1.39.1\google-http-client-gson-1.39.1.jar;C:\Users\SWATHI N\.m2\repository\com\google\code\gson\gson\2.13.1\gson-2.13.1.jar;C:\Users\SWATHI N\.m2\repository\com\google\http-client\google-http-client-jackson2\1.43.3\google-http-client-jackson2-1.43.3.jar;C:\Users\SWATHI N\.m2\repository\com\fasterxml\jackson\core\jackson-core\2.19.0\jackson-core-2.19.0.jar
Launcher Type: SUN_STANDARD

[Global flags]
     intx CICompilerCount                          = 3                                         {product} {ergonomic}
     uint ConcGCThreads                            = 1                                         {product} {ergonomic}
     uint G1ConcRefinementThreads                  = 4                                         {product} {ergonomic}
   size_t G1HeapRegionSize                         = 1048576                                   {product} {ergonomic}
    uintx GCDrainStackTargetSize                   = 64                                        {product} {ergonomic}
   size_t InitialHeapSize                          = 100663296                                 {product} {ergonomic}
   size_t MarkStackSize                            = 4194304                                   {product} {ergonomic}
   size_t MaxHeapSize                              = 1581252608                                {product} {ergonomic}
   size_t MaxNewSize                               = 947912704                                 {product} {ergonomic}
   size_t MinHeapDeltaBytes                        = 1048576                                   {product} {ergonomic}
   size_t MinHeapSize                              = 8388608                                   {product} {ergonomic}
    uintx NonNMethodCodeHeapSize                   = 4096                                   {pd product} {ergonomic}
    uintx NonProfiledCodeHeapSize                  = 0                                      {pd product} {ergonomic}
     bool ProfileInterpreter                       = false                                  {pd product} {command line}
    uintx ProfiledCodeHeapSize                     = 0                                      {pd product} {ergonomic}
   size_t SoftMaxHeapSize                          = 1581252608                             {manageable} {ergonomic}
     intx TieredStopAtLevel                        = 1                                         {product} {command line}
     bool UseCompressedOops                        = true                           {product lp64_product} {ergonomic}
     bool UseG1GC                                  = true                                      {product} {ergonomic}
     bool UseLargePagesIndividualAllocation        = false                                  {pd product} {ergonomic}

Logging:
Log output configuration:
 #0: stdout all=warning uptime,level,tags foldmultilines=false
 #1: stderr all=off uptime,level,tags foldmultilines=false

Environment Variables:
JAVA_HOME=C:\Program Files\Java\jdk-21
PATH=C:\WINDOWS\system32;C:\WINDOWS;C:\WINDOWS\System32\Wbem;C:\WINDOWS\System32\WindowsPowerShell\v1.0\;C:\WINDOWS\System32\OpenSSH\;C:\Program Files\Git\cmd;C:\Program Files\nvm;C:\Program Files\nodejs;C:\Program Files\Docker\Docker\resources\bin;C:\Users\SWATHI N\Downloads\apache-maven-3.9.10-bin\apache-maven-3.9.10\bin;C:\Program Files\PuTTY\;C:\Users\SWATHI N\AppData\Local\Programs\Python\Python311\Scripts\;C:\Users\SWATHI N\AppData\Local\Programs\Python\Python311\;C:\Program Files\MySQL\MySQL Shell 8.0\bin\;C:\Users\SWATHI N\AppData\Local\Microsoft\WindowsApps;C:\Users\SWATHI N\AppData\Local\Programs\Microsoft VS Code\bin;C:\Users\SWATHI N\AppData\Roaming\npm;C:\Program Files\JetBrains\IntelliJ IDEA Community Edition 2023.1.3\bin;;C:\Program Files\nvm;C:\Program Files\nodejs;C:\Program Files\Microsoft Visual Studio\2022\Community\MSBuild\Current\Bin;C:\Program Files (x86)\Microsoft Visual Studio\2022\BuildTools;C:\Users\SWATHI N\AppData\Local\Programs\cursor\resources\app\bin
USERNAME=SWATHI N
LANG=en_US.UTF-8
OS=Windows_NT
PROCESSOR_IDENTIFIER=AMD64 Family 23 Model 24 Stepping 1, AuthenticAMD
TMP=C:\Users\SWATHI~1\AppData\Local\Temp
TEMP=C:\Users\SWATHI~1\AppData\Local\Temp




Periodic native trim disabled

---------------  S Y S T E M  ---------------

OS:
 Windows 11 , 64 bit Build 26100 (10.0.26100.4484)
OS uptime: 2 days 17:55 hours
Hyper-V role detected

CPU: total 4 (initial active 4) (4 cores per cpu, 2 threads per core) family 23 model 24 stepping 1 microcode 0x810810e, cx8, cmov, fxsr, ht, mmx, 3dnowpref, sse, sse2, sse3, ssse3, sse4a, sse4.1, sse4.2, popcnt, lzcnt, tsc, tscinvbit, avx, avx2, aes, clmul, bmi1, bmi2, adx, sha, fma, vzeroupper, clflush, clflushopt, hv, rdtscp, f16c
Processor Information for all 4 processors :
  Max Mhz: 2600, Current Mhz: 2600, Mhz Limit: 2600

Memory: 4k page, system-wide physical 6030M (591M free)
TotalPageFile size 24462M (AvailPageFile size 4M)
current process WorkingSet (physical memory assigned to process): 80M, peak: 289M
current process commit charge ("private bytes"): 324M, peak: 326M

vm_info: Java HotSpot(TM) 64-Bit Server VM (21.0.7+8-LTS-245) for windows-amd64 JRE (21.0.7+8-LTS-245), built on 2025-02-21T05:11:27Z by "mach5one" with MS VC++ 17.6 (VS2022)

END.
